2024-11-17-17:41:46.906,3,130823,27,255,8,00,df,13,99,ff,00,0f,01
2024-11-17-17:41:46.907,3,130823,27,255,8,01,00,04,00,00,1c,42,04
2024-11-17-17:41:46.908,3,130823,27,255,8,02,cd,cc,2c,40,04,00,00
2024-11-17-17:41:46.908,3,130823,27,255,8,03,1e,43,16,00,04,00,00
2024-11-17-17:41:46.909,3,130823,27,255,8,04,f0,40,04,e1,7a,64,40
2024-11-17-17:41:46.909,3,130823,27,255,8,05,04,ae,47,81,40,04,cd
2024-11-17-17:41:46.910,3,130823,27,255,8,06,cc,8c,40,04,a4,70,95
2024-11-17-17:41:46.910,3,130823,27,255,8,07,40,04,66,66,9e,40,04
2024-11-17-17:41:46.911,3,130823,27,255,8,08,3d,0a,a7,40,04,cd,cc
2024-11-17-17:41:46.912,3,130823,27,255,8,09,ac,40,04,66,66,ae,40
2024-11-17-17:41:46.912,3,130823,27,255,8,0a,04,cd,cc,ac,40,04,ec
2024-11-17-17:41:46.913,3,130823,27,255,8,0b,51,a8,40,04,5c,8f,a2
2024-11-17-17:41:46.913,3,130823,27,255,8,0c,40,04,cd,cc,9c,40,04
2024-11-17-17:41:46.914,3,130823,27,255,8,0d,33,33,93,40,04,66,66
2024-11-17-17:41:46.914,3,130823,27,255,8,0e,86,40,04,9a,99,79,40
2024-11-17-17:41:46.915,3,130823,27,255,8,0f,04,9a,99,69,40,04,48
2024-11-17-17:41:46.915,3,130823,27,255,8,10,e1,5a,40,04,5c,8f,72
2024-11-17-17:41:46.916,3,130823,27,255,8,11,40,04,00,00,18,42,04
2024-11-17-17:41:46.917,3,130823,27,255,8,12,cd,cc,6c,40,04,00,00
2024-11-17-17:41:46.917,3,130823,27,255,8,13,20,43,16,00,04,00,00
2024-11-17-17:41:46.917,3,130823,27,255,8,14,20,41,04,33,33,83,40
2024-11-17-17:41:46.917,3,130823,27,255,8,15,04,f6,28,9c,40,04,14
2024-11-17-17:41:46.920,3,130823,27,255,8,16,ae,af,40,04,cd,cc,bc
2024-11-17-17:41:46.921,3,130823,27,255,8,17,40,04,48,e1,c2,40,04
2024-11-17-17:41:46.921,3,130823,27,255,8,18,8f,c2,c5,40,04,d7,a3
2024-11-17-17:41:46.922,3,130823,27,255,8,19,c8,40,04,85,eb,c9,40
2024-11-17-17:41:46.922,3,130823,27,255,8,1a,04,e1,7a,cc,40,04,e1
2024-11-17-17:41:46.923,3,130823,27,255,8,1b,7a,cc,40,04,9a,99,c9
2024-11-17-17:41:46.923,3,130823,27,255,8,1c,40,04,00,00,c0,40,04
2024-11-17-17:41:46.924,3,130823,27,255,8,1d,a4,70,b5,40,04,29,5c
2024-11-17-17:41:46.925,3,130823,27,255,8,1e,a7,40,04,9a,99,99,40
2024-11-17-17:41:46.925,3,130823,27,255,8,1f,04,00,00,90,40,04,9a
2024-11-17-17:41:46.935,3,130823,27,255,8,20,df,13,99,ff,00,0f,02
